[ 2014-09-14T15:25:15+08:00 ] / | INFO: Tag[ app_begin ] --START--
[ 2014-09-14T15:25:15+08:00 ] / | INFO: Run ReadHtmlCache Behavior [ RunTime:0.001000s ]
[ 2014-09-14T15:25:15+08:00 ] / | INFO: Tag[ app_begin ] --END-- [ RunTime:0.001000s ]
[ 2014-09-14T15:25:15+08:00 ] / | INFO: Tag[ view_template ] --START--
[ 2014-09-14T15:25:15+08:00 ] / | INFO: Run LocationTemplate Behavior [ RunTime:0.002000s ]
[ 2014-09-14T15:25:15+08:00 ] / | INFO: Tag[ view_template ] --END-- [ RunTime:0.003000s ]
[ 2014-09-14T15:25:15+08:00 ] / | INFO: Tag[ view_parse ] --START--
[ 2014-09-14T15:25:15+08:00 ] / | NOTIC: [8192] preg_replace(): The /e modifier is deprecated, use preg_replace_callback instead ThinkTemplate.class.php 第 186 行.
[ 2014-09-14T15:25:15+08:00 ] / | NOTIC: [8192] preg_replace(): The /e modifier is deprecated, use preg_replace_callback instead ThinkTemplate.class.php 第 406 行.
[ 2014-09-14T15:25:15+08:00 ] / | NOTIC: [8192] preg_replace(): The /e modifier is deprecated, use preg_replace_callback instead ThinkTemplate.class.php 第 406 行.
[ 2014-09-14T15:25:15+08:00 ] / | NOTIC: [8192] preg_replace(): The /e modifier is deprecated, use preg_replace_callback instead ThinkTemplate.class.php 第 406 行.
[ 2014-09-14T15:25:15+08:00 ] / | NOTIC: [8192] preg_replace(): The /e modifier is deprecated, use preg_replace_callback instead ThinkTemplate.class.php 第 406 行.
[ 2014-09-14T15:25:15+08:00 ] / | NOTIC: [8192] preg_replace(): The /e modifier is deprecated, use preg_replace_callback instead ThinkTemplate.class.php 第 406 行.
[ 2014-09-14T15:25:15+08:00 ] / | NOTIC: [8192] preg_replace(): The /e modifier is deprecated, use preg_replace_callback instead ThinkTemplate.class.php 第 406 行.
[ 2014-09-14T15:25:15+08:00 ] / | NOTIC: [8192] preg_replace(): The /e modifier is deprecated, use preg_replace_callback instead ThinkTemplate.class.php 第 406 行.
[ 2014-09-14T15:25:15+08:00 ] / | NOTIC: [8192] preg_replace(): The /e modifier is deprecated, use preg_replace_callback instead ThinkTemplate.class.php 第 406 行.
[ 2014-09-14T15:25:15+08:00 ] / | NOTIC: [8192] preg_replace(): The /e modifier is deprecated, use preg_replace_callback instead ThinkTemplate.class.php 第 406 行.
[ 2014-09-14T15:25:15+08:00 ] / | NOTIC: [8192] preg_replace(): The /e modifier is deprecated, use preg_replace_callback instead ThinkTemplate.class.php 第 402 行.
[ 2014-09-14T15:25:15+08:00 ] / | NOTIC: [8192] preg_replace(): The /e modifier is deprecated, use preg_replace_callback instead ThinkTemplate.class.php 第 402 行.
[ 2014-09-14T15:25:15+08:00 ] / | NOTIC: [8192] preg_replace(): The /e modifier is deprecated, use preg_replace_callback instead ThinkTemplate.class.php 第 406 行.
[ 2014-09-14T15:25:15+08:00 ] / | NOTIC: [8192] preg_replace(): The /e modifier is deprecated, use preg_replace_callback instead ThinkTemplate.class.php 第 406 行.
[ 2014-09-14T15:25:15+08:00 ] / | NOTIC: [8192] preg_replace(): The /e modifier is deprecated, use preg_replace_callback instead ThinkTemplate.class.php 第 406 行.
[ 2014-09-14T15:25:15+08:00 ] / | NOTIC: [8192] preg_replace(): The /e modifier is deprecated, use preg_replace_callback instead ThinkTemplate.class.php 第 402 行.
[ 2014-09-14T15:25:15+08:00 ] / | NOTIC: [8192] preg_replace(): The /e modifier is deprecated, use preg_replace_callback instead ThinkTemplate.class.php 第 406 行.
[ 2014-09-14T15:25:15+08:00 ] / | NOTIC: [8192] preg_replace(): The /e modifier is deprecated, use preg_replace_callback instead ThinkTemplate.class.php 第 406 行.
[ 2014-09-14T15:25:15+08:00 ] / | NOTIC: [8192] preg_replace(): The /e modifier is deprecated, use preg_replace_callback instead ThinkTemplate.class.php 第 406 行.
[ 2014-09-14T15:25:15+08:00 ] / | NOTIC: [8192] preg_replace(): The /e modifier is deprecated, use preg_replace_callback instead ThinkTemplate.class.php 第 406 行.
[ 2014-09-14T15:25:15+08:00 ] / | NOTIC: [8192] preg_replace(): The /e modifier is deprecated, use preg_replace_callback instead ThinkTemplate.class.php 第 406 行.
[ 2014-09-14T15:25:15+08:00 ] / | NOTIC: [8192] preg_replace(): The /e modifier is deprecated, use preg_replace_callback instead ThinkTemplate.class.php 第 406 行.
[ 2014-09-14T15:25:15+08:00 ] / | NOTIC: [8192] preg_replace(): The /e modifier is deprecated, use preg_replace_callback instead ThinkTemplate.class.php 第 406 行.
[ 2014-09-14T15:25:15+08:00 ] / | NOTIC: [8192] preg_replace(): The /e modifier is deprecated, use preg_replace_callback instead ThinkTemplate.class.php 第 406 行.
[ 2014-09-14T15:25:15+08:00 ] / | NOTIC: [8192] preg_replace(): The /e modifier is deprecated, use preg_replace_callback instead ThinkTemplate.class.php 第 406 行.
[ 2014-09-14T15:25:15+08:00 ] / | NOTIC: [8192] preg_replace(): The /e modifier is deprecated, use preg_replace_callback instead ThinkTemplate.class.php 第 406 行.
[ 2014-09-14T15:25:15+08:00 ] / | NOTIC: [8192] preg_replace(): The /e modifier is deprecated, use preg_replace_callback instead ThinkTemplate.class.php 第 406 行.
[ 2014-09-14T15:25:15+08:00 ] / | NOTIC: [8192] preg_replace(): The /e modifier is deprecated, use preg_replace_callback instead ThinkTemplate.class.php 第 406 行.
[ 2014-09-14T15:25:15+08:00 ] / | NOTIC: [8192] preg_replace(): The /e modifier is deprecated, use preg_replace_callback instead ThinkTemplate.class.php 第 406 行.
[ 2014-09-14T15:25:15+08:00 ] / | NOTIC: [8192] preg_replace(): The /e modifier is deprecated, use preg_replace_callback instead ThinkTemplate.class.php 第 406 行.
[ 2014-09-14T15:25:15+08:00 ] / | NOTIC: [8192] preg_replace(): The /e modifier is deprecated, use preg_replace_callback instead ThinkTemplate.class.php 第 406 行.
[ 2014-09-14T15:25:15+08:00 ] / | NOTIC: [8192] preg_replace(): The /e modifier is deprecated, use preg_replace_callback instead ThinkTemplate.class.php 第 406 行.
[ 2014-09-14T15:25:15+08:00 ] / | NOTIC: [8192] preg_replace(): The /e modifier is deprecated, use preg_replace_callback instead ThinkTemplate.class.php 第 406 行.
[ 2014-09-14T15:25:15+08:00 ] / | NOTIC: [8192] preg_replace(): The /e modifier is deprecated, use preg_replace_callback instead ThinkTemplate.class.php 第 406 行.
[ 2014-09-14T15:25:15+08:00 ] / | NOTIC: [8192] preg_replace(): The /e modifier is deprecated, use preg_replace_callback instead ThinkTemplate.class.php 第 406 行.
[ 2014-09-14T15:25:15+08:00 ] / | NOTIC: [8192] preg_replace(): The /e modifier is deprecated, use preg_replace_callback instead ThinkTemplate.class.php 第 406 行.
[ 2014-09-14T15:25:15+08:00 ] / | NOTIC: [8192] preg_replace(): The /e modifier is deprecated, use preg_replace_callback instead ThinkTemplate.class.php 第 406 行.
[ 2014-09-14T15:25:15+08:00 ] / | NOTIC: [8192] preg_replace(): The /e modifier is deprecated, use preg_replace_callback instead ThinkTemplate.class.php 第 406 行.
[ 2014-09-14T15:25:15+08:00 ] / | NOTIC: [8192] preg_replace(): The /e modifier is deprecated, use preg_replace_callback instead ThinkTemplate.class.php 第 406 行.
[ 2014-09-14T15:25:15+08:00 ] / | NOTIC: [8192] preg_replace(): The /e modifier is deprecated, use preg_replace_callback instead ThinkTemplate.class.php 第 406 行.
[ 2014-09-14T15:25:15+08:00 ] / | NOTIC: [8192] preg_replace(): The /e modifier is deprecated, use preg_replace_callback instead ThinkTemplate.class.php 第 406 行.
[ 2014-09-14T15:25:15+08:00 ] / | NOTIC: [8192] preg_replace(): The /e modifier is deprecated, use preg_replace_callback instead ThinkTemplate.class.php 第 406 行.
[ 2014-09-14T15:25:15+08:00 ] / | NOTIC: [8192] preg_replace(): The /e modifier is deprecated, use preg_replace_callback instead ThinkTemplate.class.php 第 406 行.
[ 2014-09-14T15:25:15+08:00 ] / | NOTIC: [8192] preg_replace(): The /e modifier is deprecated, use preg_replace_callback instead ThinkTemplate.class.php 第 406 行.
[ 2014-09-14T15:25:15+08:00 ] / | NOTIC: [8192] preg_replace(): The /e modifier is deprecated, use preg_replace_callback instead ThinkTemplate.class.php 第 406 行.
[ 2014-09-14T15:25:15+08:00 ] / | NOTIC: [8192] preg_replace(): The /e modifier is deprecated, use preg_replace_callback instead ThinkTemplate.class.php 第 406 行.
[ 2014-09-14T15:25:15+08:00 ] / | NOTIC: [8192] preg_replace(): The /e modifier is deprecated, use preg_replace_callback instead ThinkTemplate.class.php 第 406 行.
[ 2014-09-14T15:25:15+08:00 ] / | NOTIC: [8192] preg_replace(): The /e modifier is deprecated, use preg_replace_callback instead ThinkTemplate.class.php 第 406 行.
[ 2014-09-14T15:25:15+08:00 ] / | NOTIC: [8192] preg_replace(): The /e modifier is deprecated, use preg_replace_callback instead ThinkTemplate.class.php 第 406 行.
[ 2014-09-14T15:25:15+08:00 ] / | NOTIC: [8192] preg_replace(): The /e modifier is deprecated, use preg_replace_callback instead ThinkTemplate.class.php 第 406 行.
[ 2014-09-14T15:25:15+08:00 ] / | NOTIC: [8192] preg_replace(): The /e modifier is deprecated, use preg_replace_callback instead ThinkTemplate.class.php 第 406 行.
[ 2014-09-14T15:25:15+08:00 ] / | NOTIC: [8192] preg_replace(): The /e modifier is deprecated, use preg_replace_callback instead ThinkTemplate.class.php 第 406 行.
[ 2014-09-14T15:25:15+08:00 ] / | NOTIC: [8192] preg_replace(): The /e modifier is deprecated, use preg_replace_callback instead ThinkTemplate.class.php 第 406 行.
[ 2014-09-14T15:25:15+08:00 ] / | NOTIC: [8192] preg_replace(): The /e modifier is deprecated, use preg_replace_callback instead ThinkTemplate.class.php 第 406 行.
[ 2014-09-14T15:25:15+08:00 ] / | NOTIC: [8192] preg_replace(): The /e modifier is deprecated, use preg_replace_callback instead ThinkTemplate.class.php 第 406 行.
[ 2014-09-14T15:25:15+08:00 ] / | NOTIC: [8192] preg_replace(): The /e modifier is deprecated, use preg_replace_callback instead ThinkTemplate.class.php 第 406 行.
[ 2014-09-14T15:25:15+08:00 ] / | NOTIC: [8192] preg_replace(): The /e modifier is deprecated, use preg_replace_callback instead ThinkTemplate.class.php 第 406 行.
[ 2014-09-14T15:25:15+08:00 ] / | NOTIC: [8192] preg_replace(): The /e modifier is deprecated, use preg_replace_callback instead ThinkTemplate.class.php 第 406 行.
[ 2014-09-14T15:25:15+08:00 ] / | NOTIC: [8192] preg_replace(): The /e modifier is deprecated, use preg_replace_callback instead ThinkTemplate.class.php 第 406 行.
[ 2014-09-14T15:25:15+08:00 ] / | NOTIC: [8192] preg_replace(): The /e modifier is deprecated, use preg_replace_callback instead ThinkTemplate.class.php 第 406 行.
[ 2014-09-14T15:25:15+08:00 ] / | NOTIC: [8192] preg_replace(): The /e modifier is deprecated, use preg_replace_callback instead ThinkTemplate.class.php 第 406 行.
[ 2014-09-14T15:25:15+08:00 ] / | NOTIC: [8192] preg_replace(): The /e modifier is deprecated, use preg_replace_callback instead ThinkTemplate.class.php 第 406 行.
[ 2014-09-14T15:25:15+08:00 ] / | NOTIC: [8192] preg_replace(): The /e modifier is deprecated, use preg_replace_callback instead ThinkTemplate.class.php 第 406 行.
[ 2014-09-14T15:25:15+08:00 ] / | NOTIC: [8192] preg_replace(): The /e modifier is deprecated, use preg_replace_callback instead ThinkTemplate.class.php 第 406 行.
[ 2014-09-14T15:25:15+08:00 ] / | NOTIC: [8192] preg_replace(): The /e modifier is deprecated, use preg_replace_callback instead ThinkTemplate.class.php 第 406 行.
[ 2014-09-14T15:25:15+08:00 ] / | NOTIC: [8192] preg_replace(): The /e modifier is deprecated, use preg_replace_callback instead ThinkTemplate.class.php 第 406 行.
[ 2014-09-14T15:25:15+08:00 ] / | NOTIC: [8192] preg_replace(): The /e modifier is deprecated, use preg_replace_callback instead ThinkTemplate.class.php 第 406 行.
[ 2014-09-14T15:25:15+08:00 ] / | NOTIC: [8192] preg_replace(): The /e modifier is deprecated, use preg_replace_callback instead ThinkTemplate.class.php 第 406 行.
[ 2014-09-14T15:25:15+08:00 ] / | NOTIC: [8192] preg_replace(): The /e modifier is deprecated, use preg_replace_callback instead ThinkTemplate.class.php 第 406 行.
[ 2014-09-14T15:25:15+08:00 ] / | NOTIC: [8192] preg_replace(): The /e modifier is deprecated, use preg_replace_callback instead ThinkTemplate.class.php 第 406 行.
[ 2014-09-14T15:25:15+08:00 ] / | NOTIC: [8192] preg_replace(): The /e modifier is deprecated, use preg_replace_callback instead ThinkTemplate.class.php 第 406 行.
[ 2014-09-14T15:25:15+08:00 ] / | NOTIC: [8192] preg_replace(): The /e modifier is deprecated, use preg_replace_callback instead ThinkTemplate.class.php 第 406 行.
[ 2014-09-14T15:25:15+08:00 ] / | NOTIC: [8192] preg_replace(): The /e modifier is deprecated, use preg_replace_callback instead ThinkTemplate.class.php 第 406 行.
[ 2014-09-14T15:25:15+08:00 ] / | NOTIC: [8192] preg_replace(): The /e modifier is deprecated, use preg_replace_callback instead ThinkTemplate.class.php 第 406 行.
[ 2014-09-14T15:25:15+08:00 ] / | NOTIC: [8192] preg_replace(): The /e modifier is deprecated, use preg_replace_callback instead ThinkTemplate.class.php 第 406 行.
[ 2014-09-14T15:25:15+08:00 ] / | NOTIC: [8192] preg_replace(): The /e modifier is deprecated, use preg_replace_callback instead ThinkTemplate.class.php 第 406 行.
[ 2014-09-14T15:25:15+08:00 ] / | NOTIC: [8192] preg_replace(): The /e modifier is deprecated, use preg_replace_callback instead ThinkTemplate.class.php 第 406 行.
[ 2014-09-14T15:25:15+08:00 ] / | NOTIC: [8192] preg_replace(): The /e modifier is deprecated, use preg_replace_callback instead ThinkTemplate.class.php 第 406 行.
[ 2014-09-14T15:25:15+08:00 ] / | NOTIC: [8192] preg_replace(): The /e modifier is deprecated, use preg_replace_callback instead ThinkTemplate.class.php 第 406 行.
[ 2014-09-14T15:25:15+08:00 ] / | NOTIC: [8192] preg_replace(): The /e modifier is deprecated, use preg_replace_callback instead ThinkTemplate.class.php 第 406 行.
[ 2014-09-14T15:25:15+08:00 ] / | NOTIC: [8192] preg_replace(): The /e modifier is deprecated, use preg_replace_callback instead ThinkTemplate.class.php 第 406 行.
[ 2014-09-14T15:25:15+08:00 ] / | NOTIC: [8192] preg_replace(): The /e modifier is deprecated, use preg_replace_callback instead ThinkTemplate.class.php 第 406 行.
[ 2014-09-14T15:25:15+08:00 ] / | NOTIC: [8192] preg_replace(): The /e modifier is deprecated, use preg_replace_callback instead ThinkTemplate.class.php 第 402 行.
[ 2014-09-14T15:25:15+08:00 ] / | NOTIC: [8192] preg_replace(): The /e modifier is deprecated, use preg_replace_callback instead ThinkTemplate.class.php 第 402 行.
[ 2014-09-14T15:25:15+08:00 ] / | NOTIC: [8192] preg_replace(): The /e modifier is deprecated, use preg_replace_callback instead ThinkTemplate.class.php 第 402 行.
[ 2014-09-14T15:25:15+08:00 ] / | NOTIC: [8192] preg_replace(): The /e modifier is deprecated, use preg_replace_callback instead ThinkTemplate.class.php 第 402 行.
[ 2014-09-14T15:25:15+08:00 ] / | NOTIC: [8192] preg_replace(): The /e modifier is deprecated, use preg_replace_callback instead ThinkTemplate.class.php 第 402 行.
[ 2014-09-14T15:25:15+08:00 ] / | NOTIC: [8192] preg_replace(): The /e modifier is deprecated, use preg_replace_callback instead ThinkTemplate.class.php 第 402 行.
[ 2014-09-14T15:25:15+08:00 ] / | NOTIC: [8192] preg_replace(): The /e modifier is deprecated, use preg_replace_callback instead ThinkTemplate.class.php 第 406 行.
[ 2014-09-14T15:25:15+08:00 ] / | NOTIC: [8192] preg_replace(): The /e modifier is deprecated, use preg_replace_callback instead ThinkTemplate.class.php 第 406 行.
[ 2014-09-14T15:25:15+08:00 ] / | NOTIC: [8192] preg_replace(): The /e modifier is deprecated, use preg_replace_callback instead ThinkTemplate.class.php 第 406 行.
[ 2014-09-14T15:25:15+08:00 ] / | NOTIC: [8192] preg_replace(): The /e modifier is deprecated, use preg_replace_callback instead ThinkTemplate.class.php 第 220 行.
[ 2014-09-14T15:25:15+08:00 ] / | NOTIC: [8192] preg_replace(): The /e modifier is deprecated, use preg_replace_callback instead ThinkTemplate.class.php 第 154 行.
[ 2014-09-14T15:25:15+08:00 ] / | NOTIC: [8] Undefined index: account_name 7e4848229090366086cc7eeb3bfc0798.php 第 36 行.
[ 2014-09-14T15:25:15+08:00 ] / | NOTIC: [8] Undefined index: account_name 7e4848229090366086cc7eeb3bfc0798.php 第 56 行.
[ 2014-09-14T15:25:15+08:00 ] / | NOTIC: [8] Undefined variable: pi 7e4848229090366086cc7eeb3bfc0798.php 第 83 行.
[ 2014-09-14T15:25:15+08:00 ] / | NOTIC: [8] Undefined variable: pi 7e4848229090366086cc7eeb3bfc0798.php 第 83 行.
[ 2014-09-14T15:25:15+08:00 ] / | NOTIC: [8] Undefined variable: pi 7e4848229090366086cc7eeb3bfc0798.php 第 83 行.
[ 2014-09-14T15:25:15+08:00 ] / | NOTIC: [8] Undefined variable: pi 7e4848229090366086cc7eeb3bfc0798.php 第 83 行.
[ 2014-09-14T15:25:15+08:00 ] / | NOTIC: [8] Undefined variable: pi 7e4848229090366086cc7eeb3bfc0798.php 第 83 行.
[ 2014-09-14T15:25:15+08:00 ] / | NOTIC: [8] Undefined variable: pi 7e4848229090366086cc7eeb3bfc0798.php 第 83 行.
[ 2014-09-14T15:25:15+08:00 ] / | NOTIC: [8] Undefined variable: pi 7e4848229090366086cc7eeb3bfc0798.php 第 83 行.
[ 2014-09-14T15:25:15+08:00 ] / | NOTIC: [8] Undefined variable: pi 7e4848229090366086cc7eeb3bfc0798.php 第 90 行.
[ 2014-09-14T15:25:15+08:00 ] / | NOTIC: [8] Undefined variable: pi 7e4848229090366086cc7eeb3bfc0798.php 第 97 行.
[ 2014-09-14T15:25:15+08:00 ] / | NOTIC: [8] Undefined variable: pi 7e4848229090366086cc7eeb3bfc0798.php 第 104 行.
[ 2014-09-14T15:25:15+08:00 ] / | NOTIC: [8] Undefined variable: pi 7e4848229090366086cc7eeb3bfc0798.php 第 111 行.
[ 2014-09-14T15:25:15+08:00 ] / | NOTIC: [8] Undefined variable: pi 7e4848229090366086cc7eeb3bfc0798.php 第 118 行.
[ 2014-09-14T15:25:15+08:00 ] / | NOTIC: [8] Undefined variable: pi 7e4848229090366086cc7eeb3bfc0798.php 第 125 行.
[ 2014-09-14T15:25:15+08:00 ] / | INFO: Run ParseTemplate Behavior [ RunTime:0.044003s ]
[ 2014-09-14T15:25:15+08:00 ] / | INFO: Tag[ view_parse ] --END-- [ RunTime:0.045003s ]
[ 2014-09-14T15:25:15+08:00 ] / | INFO: Tag[ view_filter ] --START--
[ 2014-09-14T15:25:15+08:00 ] / | INFO: Run ContentReplace Behavior [ RunTime:0.001000s ]
[ 2014-09-14T15:25:15+08:00 ] / | INFO: Run TokenBuild Behavior [ RunTime:0.001000s ]
[ 2014-09-14T15:25:15+08:00 ] / | INFO: Run WriteHtmlCache Behavior [ RunTime:0.000000s ]
[ 2014-09-14T15:25:15+08:00 ] / | INFO: Run ShowRuntime Behavior [ RunTime:0.002000s ]
[ 2014-09-14T15:25:15+08:00 ] / | INFO: Tag[ view_filter ] --END-- [ RunTime:0.004000s ]
[ 2014-09-14T15:25:15+08:00 ] / | INFO: Tag[ view_end ] --START--
[ 2014-09-14T15:25:15+08:00 ] / | INFO: Run ShowPageTrace Behavior [ RunTime:0.002000s ]
[ 2014-09-14T15:25:15+08:00 ] / | INFO: Tag[ view_end ] --END-- [ RunTime:0.002000s ]
[ 2014-09-14T15:26:56+08:00 ] / | INFO: Tag[ app_begin ] --START--
[ 2014-09-14T15:26:56+08:00 ] / | INFO: Run ReadHtmlCache Behavior [ RunTime:0.003000s ]
[ 2014-09-14T15:26:56+08:00 ] / | INFO: Tag[ app_begin ] --END-- [ RunTime:0.003000s ]
[ 2014-09-14T21:32:21+08:00 ] / | INFO: Tag[ app_begin ] --START--
[ 2014-09-14T21:32:21+08:00 ] / | INFO: Run ReadHtmlCache Behavior [ RunTime:0.007000s ]
[ 2014-09-14T21:32:21+08:00 ] / | INFO: Tag[ app_begin ] --END-- [ RunTime:0.007000s ]
[ 2014-09-14T21:32:21+08:00 ] / | INFO: Tag[ view_template ] --START--
[ 2014-09-14T21:32:21+08:00 ] / | INFO: Run LocationTemplate Behavior [ RunTime:0.037002s ]
[ 2014-09-14T21:32:21+08:00 ] / | INFO: Tag[ view_template ] --END-- [ RunTime:0.037002s ]
[ 2014-09-14T21:32:21+08:00 ] / | INFO: Tag[ view_parse ] --START--
[ 2014-09-14T21:32:21+08:00 ] / | NOTIC: [8192] preg_replace(): The /e modifier is deprecated, use preg_replace_callback instead ThinkTemplate.class.php 第 186 行.
[ 2014-09-14T21:32:21+08:00 ] / | NOTIC: [8192] preg_replace(): The /e modifier is deprecated, use preg_replace_callback instead ThinkTemplate.class.php 第 406 行.
[ 2014-09-14T21:32:21+08:00 ] / | NOTIC: [8192] preg_replace(): The /e modifier is deprecated, use preg_replace_callback instead ThinkTemplate.class.php 第 406 行.
[ 2014-09-14T21:32:21+08:00 ] / | NOTIC: [8192] preg_replace(): The /e modifier is deprecated, use preg_replace_callback instead ThinkTemplate.class.php 第 406 行.
[ 2014-09-14T21:32:21+08:00 ] / | NOTIC: [8192] preg_replace(): The /e modifier is deprecated, use preg_replace_callback instead ThinkTemplate.class.php 第 406 行.
[ 2014-09-14T21:32:21+08:00 ] / | NOTIC: [8192] preg_replace(): The /e modifier is deprecated, use preg_replace_callback instead ThinkTemplate.class.php 第 406 行.
[ 2014-09-14T21:32:21+08:00 ] / | NOTIC: [8192] preg_replace(): The /e modifier is deprecated, use preg_replace_callback instead ThinkTemplate.class.php 第 406 行.
[ 2014-09-14T21:32:21+08:00 ] / | NOTIC: [8192] preg_replace(): The /e modifier is deprecated, use preg_replace_callback instead ThinkTemplate.class.php 第 406 行.
[ 2014-09-14T21:32:21+08:00 ] / | NOTIC: [8192] preg_replace(): The /e modifier is deprecated, use preg_replace_callback instead ThinkTemplate.class.php 第 406 行.
[ 2014-09-14T21:32:21+08:00 ] / | NOTIC: [8192] preg_replace(): The /e modifier is deprecated, use preg_replace_callback instead ThinkTemplate.class.php 第 406 行.
[ 2014-09-14T21:32:21+08:00 ] / | NOTIC: [8192] preg_replace(): The /e modifier is deprecated, use preg_replace_callback instead ThinkTemplate.class.php 第 402 行.
[ 2014-09-14T21:32:21+08:00 ] / | NOTIC: [8192] preg_replace(): The /e modifier is deprecated, use preg_replace_callback instead ThinkTemplate.class.php 第 402 行.
[ 2014-09-14T21:32:21+08:00 ] / | NOTIC: [8192] preg_replace(): The /e modifier is deprecated, use preg_replace_callback instead ThinkTemplate.class.php 第 406 行.
[ 2014-09-14T21:32:21+08:00 ] / | NOTIC: [8192] preg_replace(): The /e modifier is deprecated, use preg_replace_callback instead ThinkTemplate.class.php 第 406 行.
[ 2014-09-14T21:32:21+08:00 ] / | NOTIC: [8192] preg_replace(): The /e modifier is deprecated, use preg_replace_callback instead ThinkTemplate.class.php 第 406 行.
[ 2014-09-14T21:32:21+08:00 ] / | NOTIC: [8192] preg_replace(): The /e modifier is deprecated, use preg_replace_callback instead ThinkTemplate.class.php 第 402 行.
[ 2014-09-14T21:32:21+08:00 ] / | NOTIC: [8192] preg_replace(): The /e modifier is deprecated, use preg_replace_callback instead ThinkTemplate.class.php 第 406 行.
[ 2014-09-14T21:32:21+08:00 ] / | NOTIC: [8192] preg_replace(): The /e modifier is deprecated, use preg_replace_callback instead ThinkTemplate.class.php 第 406 行.
[ 2014-09-14T21:32:21+08:00 ] / | NOTIC: [8192] preg_replace(): The /e modifier is deprecated, use preg_replace_callback instead ThinkTemplate.class.php 第 406 行.
[ 2014-09-14T21:32:21+08:00 ] / | NOTIC: [8192] preg_replace(): The /e modifier is deprecated, use preg_replace_callback instead ThinkTemplate.class.php 第 406 行.
[ 2014-09-14T21:32:21+08:00 ] / | NOTIC: [8192] preg_replace(): The /e modifier is deprecated, use preg_replace_callback instead ThinkTemplate.class.php 第 406 行.
[ 2014-09-14T21:32:21+08:00 ] / | NOTIC: [8192] preg_replace(): The /e modifier is deprecated, use preg_replace_callback instead ThinkTemplate.class.php 第 406 行.
[ 2014-09-14T21:32:21+08:00 ] / | NOTIC: [8192] preg_replace(): The /e modifier is deprecated, use preg_replace_callback instead ThinkTemplate.class.php 第 406 行.
[ 2014-09-14T21:32:21+08:00 ] / | NOTIC: [8192] preg_replace(): The /e modifier is deprecated, use preg_replace_callback instead ThinkTemplate.class.php 第 406 行.
[ 2014-09-14T21:32:21+08:00 ] / | NOTIC: [8192] preg_replace(): The /e modifier is deprecated, use preg_replace_callback instead ThinkTemplate.class.php 第 406 行.
[ 2014-09-14T21:32:21+08:00 ] / | NOTIC: [8192] preg_replace(): The /e modifier is deprecated, use preg_replace_callback instead ThinkTemplate.class.php 第 406 行.
[ 2014-09-14T21:32:21+08:00 ] / | NOTIC: [8192] preg_replace(): The /e modifier is deprecated, use preg_replace_callback instead ThinkTemplate.class.php 第 406 行.
[ 2014-09-14T21:32:21+08:00 ] / | NOTIC: [8192] preg_replace(): The /e modifier is deprecated, use preg_replace_callback instead ThinkTemplate.class.php 第 406 行.
[ 2014-09-14T21:32:21+08:00 ] / | NOTIC: [8192] preg_replace(): The /e modifier is deprecated, use preg_replace_callback instead ThinkTemplate.class.php 第 406 行.
[ 2014-09-14T21:32:21+08:00 ] / | NOTIC: [8192] preg_replace(): The /e modifier is deprecated, use preg_replace_callback instead ThinkTemplate.class.php 第 406 行.
[ 2014-09-14T21:32:21+08:00 ] / | NOTIC: [8192] preg_replace(): The /e modifier is deprecated, use preg_replace_callback instead ThinkTemplate.class.php 第 406 行.
[ 2014-09-14T21:32:21+08:00 ] / | NOTIC: [8192] preg_replace(): The /e modifier is deprecated, use preg_replace_callback instead ThinkTemplate.class.php 第 406 行.
[ 2014-09-14T21:32:21+08:00 ] / | NOTIC: [8192] preg_replace(): The /e modifier is deprecated, use preg_replace_callback instead ThinkTemplate.class.php 第 406 行.
[ 2014-09-14T21:32:21+08:00 ] / | NOTIC: [8192] preg_replace(): The /e modifier is deprecated, use preg_replace_callback instead ThinkTemplate.class.php 第 406 行.
[ 2014-09-14T21:32:21+08:00 ] / | NOTIC: [8192] preg_replace(): The /e modifier is deprecated, use preg_replace_callback instead ThinkTemplate.class.php 第 406 行.
[ 2014-09-14T21:32:21+08:00 ] / | NOTIC: [8192] preg_replace(): The /e modifier is deprecated, use preg_replace_callback instead ThinkTemplate.class.php 第 406 行.
[ 2014-09-14T21:32:21+08:00 ] / | NOTIC: [8192] preg_replace(): The /e modifier is deprecated, use preg_replace_callback instead ThinkTemplate.class.php 第 406 行.
[ 2014-09-14T21:32:21+08:00 ] / | NOTIC: [8192] preg_replace(): The /e modifier is deprecated, use preg_replace_callback instead ThinkTemplate.class.php 第 406 行.
[ 2014-09-14T21:32:21+08:00 ] / | NOTIC: [8192] preg_replace(): The /e modifier is deprecated, use preg_replace_callback instead ThinkTemplate.class.php 第 406 行.
[ 2014-09-14T21:32:21+08:00 ] / | NOTIC: [8192] preg_replace(): The /e modifier is deprecated, use preg_replace_callback instead ThinkTemplate.class.php 第 406 行.
[ 2014-09-14T21:32:21+08:00 ] / | NOTIC: [8192] preg_replace(): The /e modifier is deprecated, use preg_replace_callback instead ThinkTemplate.class.php 第 406 行.
[ 2014-09-14T21:32:21+08:00 ] / | NOTIC: [8192] preg_replace(): The /e modifier is deprecated, use preg_replace_callback instead ThinkTemplate.class.php 第 406 行.
[ 2014-09-14T21:32:21+08:00 ] / | NOTIC: [8192] preg_replace(): The /e modifier is deprecated, use preg_replace_callback instead ThinkTemplate.class.php 第 406 行.
[ 2014-09-14T21:32:21+08:00 ] / | NOTIC: [8192] preg_replace(): The /e modifier is deprecated, use preg_replace_callback instead ThinkTemplate.class.php 第 406 行.
[ 2014-09-14T21:32:21+08:00 ] / | NOTIC: [8192] preg_replace(): The /e modifier is deprecated, use preg_replace_callback instead ThinkTemplate.class.php 第 406 行.
[ 2014-09-14T21:32:21+08:00 ] / | NOTIC: [8192] preg_replace(): The /e modifier is deprecated, use preg_replace_callback instead ThinkTemplate.class.php 第 406 行.
[ 2014-09-14T21:32:21+08:00 ] / | NOTIC: [8192] preg_replace(): The /e modifier is deprecated, use preg_replace_callback instead ThinkTemplate.class.php 第 406 行.
[ 2014-09-14T21:32:21+08:00 ] / | NOTIC: [8192] preg_replace(): The /e modifier is deprecated, use preg_replace_callback instead ThinkTemplate.class.php 第 406 行.
[ 2014-09-14T21:32:21+08:00 ] / | NOTIC: [8192] preg_replace(): The /e modifier is deprecated, use preg_replace_callback instead ThinkTemplate.class.php 第 406 行.
[ 2014-09-14T21:32:21+08:00 ] / | NOTIC: [8192] preg_replace(): The /e modifier is deprecated, use preg_replace_callback instead ThinkTemplate.class.php 第 406 行.
[ 2014-09-14T21:32:21+08:00 ] / | NOTIC: [8192] preg_replace(): The /e modifier is deprecated, use preg_replace_callback instead ThinkTemplate.class.php 第 406 行.
[ 2014-09-14T21:32:21+08:00 ] / | NOTIC: [8192] preg_replace(): The /e modifier is deprecated, use preg_replace_callback instead ThinkTemplate.class.php 第 406 行.
[ 2014-09-14T21:32:21+08:00 ] / | NOTIC: [8192] preg_replace(): The /e modifier is deprecated, use preg_replace_callback instead ThinkTemplate.class.php 第 406 行.
[ 2014-09-14T21:32:21+08:00 ] / | NOTIC: [8192] preg_replace(): The /e modifier is deprecated, use preg_replace_callback instead ThinkTemplate.class.php 第 406 行.
[ 2014-09-14T21:32:21+08:00 ] / | NOTIC: [8192] preg_replace(): The /e modifier is deprecated, use preg_replace_callback instead ThinkTemplate.class.php 第 406 行.
[ 2014-09-14T21:32:21+08:00 ] / | NOTIC: [8192] preg_replace(): The /e modifier is deprecated, use preg_replace_callback instead ThinkTemplate.class.php 第 406 行.
[ 2014-09-14T21:32:21+08:00 ] / | NOTIC: [8192] preg_replace(): The /e modifier is deprecated, use preg_replace_callback instead ThinkTemplate.class.php 第 406 行.
[ 2014-09-14T21:32:21+08:00 ] / | NOTIC: [8192] preg_replace(): The /e modifier is deprecated, use preg_replace_callback instead ThinkTemplate.class.php 第 406 行.
[ 2014-09-14T21:32:21+08:00 ] / | NOTIC: [8192] preg_replace(): The /e modifier is deprecated, use preg_replace_callback instead ThinkTemplate.class.php 第 406 行.
[ 2014-09-14T21:32:21+08:00 ] / | NOTIC: [8192] preg_replace(): The /e modifier is deprecated, use preg_replace_callback instead ThinkTemplate.class.php 第 406 行.
[ 2014-09-14T21:32:21+08:00 ] / | NOTIC: [8192] preg_replace(): The /e modifier is deprecated, use preg_replace_callback instead ThinkTemplate.class.php 第 406 行.
[ 2014-09-14T21:32:21+08:00 ] / | NOTIC: [8192] preg_replace(): The /e modifier is deprecated, use preg_replace_callback instead ThinkTemplate.class.php 第 406 行.
[ 2014-09-14T21:32:21+08:00 ] / | NOTIC: [8192] preg_replace(): The /e modifier is deprecated, use preg_replace_callback instead ThinkTemplate.class.php 第 406 行.
[ 2014-09-14T21:32:21+08:00 ] / | NOTIC: [8192] preg_replace(): The /e modifier is deprecated, use preg_replace_callback instead ThinkTemplate.class.php 第 406 行.
[ 2014-09-14T21:32:21+08:00 ] / | NOTIC: [8192] preg_replace(): The /e modifier is deprecated, use preg_replace_callback instead ThinkTemplate.class.php 第 406 行.
[ 2014-09-14T21:32:21+08:00 ] / | NOTIC: [8192] preg_replace(): The /e modifier is deprecated, use preg_replace_callback instead ThinkTemplate.class.php 第 406 行.
[ 2014-09-14T21:32:21+08:00 ] / | NOTIC: [8192] preg_replace(): The /e modifier is deprecated, use preg_replace_callback instead ThinkTemplate.class.php 第 406 行.
[ 2014-09-14T21:32:21+08:00 ] / | NOTIC: [8192] preg_replace(): The /e modifier is deprecated, use preg_replace_callback instead ThinkTemplate.class.php 第 406 行.
[ 2014-09-14T21:32:21+08:00 ] / | NOTIC: [8192] preg_replace(): The /e modifier is deprecated, use preg_replace_callback instead ThinkTemplate.class.php 第 406 行.
[ 2014-09-14T21:32:21+08:00 ] / | NOTIC: [8192] preg_replace(): The /e modifier is deprecated, use preg_replace_callback instead ThinkTemplate.class.php 第 406 行.
[ 2014-09-14T21:32:21+08:00 ] / | NOTIC: [8192] preg_replace(): The /e modifier is deprecated, use preg_replace_callback instead ThinkTemplate.class.php 第 406 行.
[ 2014-09-14T21:32:21+08:00 ] / | NOTIC: [8192] preg_replace(): The /e modifier is deprecated, use preg_replace_callback instead ThinkTemplate.class.php 第 406 行.
[ 2014-09-14T21:32:21+08:00 ] / | NOTIC: [8192] preg_replace(): The /e modifier is deprecated, use preg_replace_callback instead ThinkTemplate.class.php 第 406 行.
[ 2014-09-14T21:32:21+08:00 ] / | NOTIC: [8192] preg_replace(): The /e modifier is deprecated, use preg_replace_callback instead ThinkTemplate.class.php 第 406 行.
[ 2014-09-14T21:32:21+08:00 ] / | NOTIC: [8192] preg_replace(): The /e modifier is deprecated, use preg_replace_callback instead ThinkTemplate.class.php 第 406 行.
[ 2014-09-14T21:32:21+08:00 ] / | NOTIC: [8192] preg_replace(): The /e modifier is deprecated, use preg_replace_callback instead ThinkTemplate.class.php 第 406 行.
[ 2014-09-14T21:32:21+08:00 ] / | NOTIC: [8192] preg_replace(): The /e modifier is deprecated, use preg_replace_callback instead ThinkTemplate.class.php 第 406 行.
[ 2014-09-14T21:32:21+08:00 ] / | NOTIC: [8192] preg_replace(): The /e modifier is deprecated, use preg_replace_callback instead ThinkTemplate.class.php 第 406 行.
[ 2014-09-14T21:32:21+08:00 ] / | NOTIC: [8192] preg_replace(): The /e modifier is deprecated, use preg_replace_callback instead ThinkTemplate.class.php 第 406 行.
[ 2014-09-14T21:32:21+08:00 ] / | NOTIC: [8192] preg_replace(): The /e modifier is deprecated, use preg_replace_callback instead ThinkTemplate.class.php 第 406 行.
[ 2014-09-14T21:32:21+08:00 ] / | NOTIC: [8192] preg_replace(): The /e modifier is deprecated, use preg_replace_callback instead ThinkTemplate.class.php 第 406 行.
[ 2014-09-14T21:32:21+08:00 ] / | NOTIC: [8192] preg_replace(): The /e modifier is deprecated, use preg_replace_callback instead ThinkTemplate.class.php 第 406 行.
[ 2014-09-14T21:32:21+08:00 ] / | NOTIC: [8192] preg_replace(): The /e modifier is deprecated, use preg_replace_callback instead ThinkTemplate.class.php 第 402 行.
[ 2014-09-14T21:32:21+08:00 ] / | NOTIC: [8192] preg_replace(): The /e modifier is deprecated, use preg_replace_callback instead ThinkTemplate.class.php 第 402 行.
[ 2014-09-14T21:32:21+08:00 ] / | NOTIC: [8192] preg_replace(): The /e modifier is deprecated, use preg_replace_callback instead ThinkTemplate.class.php 第 402 行.
[ 2014-09-14T21:32:21+08:00 ] / | NOTIC: [8192] preg_replace(): The /e modifier is deprecated, use preg_replace_callback instead ThinkTemplate.class.php 第 402 行.
[ 2014-09-14T21:32:21+08:00 ] / | NOTIC: [8192] preg_replace(): The /e modifier is deprecated, use preg_replace_callback instead ThinkTemplate.class.php 第 402 行.
[ 2014-09-14T21:32:21+08:00 ] / | NOTIC: [8192] preg_replace(): The /e modifier is deprecated, use preg_replace_callback instead ThinkTemplate.class.php 第 402 行.
[ 2014-09-14T21:32:21+08:00 ] / | NOTIC: [8192] preg_replace(): The /e modifier is deprecated, use preg_replace_callback instead ThinkTemplate.class.php 第 406 行.
[ 2014-09-14T21:32:21+08:00 ] / | NOTIC: [8192] preg_replace(): The /e modifier is deprecated, use preg_replace_callback instead ThinkTemplate.class.php 第 406 行.
[ 2014-09-14T21:32:21+08:00 ] / | NOTIC: [8192] preg_replace(): The /e modifier is deprecated, use preg_replace_callback instead ThinkTemplate.class.php 第 406 行.
[ 2014-09-14T21:32:21+08:00 ] / | NOTIC: [8192] preg_replace(): The /e modifier is deprecated, use preg_replace_callback instead ThinkTemplate.class.php 第 220 行.
[ 2014-09-14T21:32:21+08:00 ] / | NOTIC: [8192] preg_replace(): The /e modifier is deprecated, use preg_replace_callback instead ThinkTemplate.class.php 第 154 行.
[ 2014-09-14T21:32:21+08:00 ] / | INFO: Run ParseTemplate Behavior [ RunTime:0.169010s ]
[ 2014-09-14T21:32:21+08:00 ] / | INFO: Tag[ view_parse ] --END-- [ RunTime:0.169010s ]
[ 2014-09-14T21:32:21+08:00 ] / | INFO: Tag[ view_filter ] --START--
[ 2014-09-14T21:32:21+08:00 ] / | INFO: Run ContentReplace Behavior [ RunTime:0.007000s ]
[ 2014-09-14T21:32:21+08:00 ] / | INFO: Run TokenBuild Behavior [ RunTime:0.024002s ]
[ 2014-09-14T21:32:21+08:00 ] / | INFO: Run WriteHtmlCache Behavior [ RunTime:0.033002s ]
[ 2014-09-14T21:32:21+08:00 ] / | INFO: Run ShowRuntime Behavior [ RunTime:0.016000s ]
[ 2014-09-14T21:32:21+08:00 ] / | INFO: Tag[ view_filter ] --END-- [ RunTime:0.080004s ]
[ 2014-09-14T21:32:21+08:00 ] / | INFO: Tag[ view_end ] --START--
[ 2014-09-14T21:32:21+08:00 ] / | INFO: Run ShowPageTrace Behavior [ RunTime:0.008000s ]
[ 2014-09-14T21:32:21+08:00 ] / | INFO: Tag[ view_end ] --END-- [ RunTime:0.008000s ]
[ 2014-09-14T22:00:06+08:00 ] / | INFO: Tag[ app_begin ] --START--
[ 2014-09-14T22:00:06+08:00 ] / | INFO: Run ReadHtmlCache Behavior [ RunTime:0.001000s ]
[ 2014-09-14T22:00:06+08:00 ] / | INFO: Tag[ app_begin ] --END-- [ RunTime:0.001000s ]
[ 2014-09-14T22:00:06+08:00 ] / | INFO: Tag[ view_template ] --START--
[ 2014-09-14T22:00:06+08:00 ] / | INFO: Run LocationTemplate Behavior [ RunTime:0.000000s ]
[ 2014-09-14T22:00:06+08:00 ] / | INFO: Tag[ view_template ] --END-- [ RunTime:0.001000s ]
[ 2014-09-14T22:00:06+08:00 ] / | INFO: Tag[ view_parse ] --START--
[ 2014-09-14T22:00:06+08:00 ] / | NOTIC: [8192] preg_replace(): The /e modifier is deprecated, use preg_replace_callback instead ThinkTemplate.class.php 第 186 行.
[ 2014-09-14T22:00:06+08:00 ] / | NOTIC: [8192] preg_replace(): The /e modifier is deprecated, use preg_replace_callback instead ThinkTemplate.class.php 第 406 行.
[ 2014-09-14T22:00:06+08:00 ] / | NOTIC: [8192] preg_replace(): The /e modifier is deprecated, use preg_replace_callback instead ThinkTemplate.class.php 第 406 行.
[ 2014-09-14T22:00:06+08:00 ] / | NOTIC: [8192] preg_replace(): The /e modifier is deprecated, use preg_replace_callback instead ThinkTemplate.class.php 第 406 行.
[ 2014-09-14T22:00:06+08:00 ] / | NOTIC: [8192] preg_replace(): The /e modifier is deprecated, use preg_replace_callback instead ThinkTemplate.class.php 第 406 行.
[ 2014-09-14T22:00:06+08:00 ] / | NOTIC: [8192] preg_replace(): The /e modifier is deprecated, use preg_replace_callback instead ThinkTemplate.class.php 第 406 行.
[ 2014-09-14T22:00:06+08:00 ] / | NOTIC: [8192] preg_replace(): The /e modifier is deprecated, use preg_replace_callback instead ThinkTemplate.class.php 第 406 行.
[ 2014-09-14T22:00:06+08:00 ] / | NOTIC: [8192] preg_replace(): The /e modifier is deprecated, use preg_replace_callback instead ThinkTemplate.class.php 第 406 行.
[ 2014-09-14T22:00:06+08:00 ] / | NOTIC: [8192] preg_replace(): The /e modifier is deprecated, use preg_replace_callback instead ThinkTemplate.class.php 第 406 行.
[ 2014-09-14T22:00:06+08:00 ] / | NOTIC: [8192] preg_replace(): The /e modifier is deprecated, use preg_replace_callback instead ThinkTemplate.class.php 第 406 行.
[ 2014-09-14T22:00:06+08:00 ] / | NOTIC: [8192] preg_replace(): The /e modifier is deprecated, use preg_replace_callback instead ThinkTemplate.class.php 第 402 行.
[ 2014-09-14T22:00:06+08:00 ] / | NOTIC: [8192] preg_replace(): The /e modifier is deprecated, use preg_replace_callback instead ThinkTemplate.class.php 第 402 行.
[ 2014-09-14T22:00:06+08:00 ] / | NOTIC: [8192] preg_replace(): The /e modifier is deprecated, use preg_replace_callback instead ThinkTemplate.class.php 第 406 行.
[ 2014-09-14T22:00:06+08:00 ] / | NOTIC: [8192] preg_replace(): The /e modifier is deprecated, use preg_replace_callback instead ThinkTemplate.class.php 第 406 行.
[ 2014-09-14T22:00:06+08:00 ] / | NOTIC: [8192] preg_replace(): The /e modifier is deprecated, use preg_replace_callback instead ThinkTemplate.class.php 第 406 行.
[ 2014-09-14T22:00:06+08:00 ] / | NOTIC: [8192] preg_replace(): The /e modifier is deprecated, use preg_replace_callback instead ThinkTemplate.class.php 第 402 行.
[ 2014-09-14T22:00:06+08:00 ] / | NOTIC: [8192] preg_replace(): The /e modifier is deprecated, use preg_replace_callback instead ThinkTemplate.class.php 第 406 行.
[ 2014-09-14T22:00:06+08:00 ] / | NOTIC: [8192] preg_replace(): The /e modifier is deprecated, use preg_replace_callback instead ThinkTemplate.class.php 第 406 行.
[ 2014-09-14T22:00:06+08:00 ] / | NOTIC: [8192] preg_replace(): The /e modifier is deprecated, use preg_replace_callback instead ThinkTemplate.class.php 第 406 行.
[ 2014-09-14T22:00:06+08:00 ] / | NOTIC: [8192] preg_replace(): The /e modifier is deprecated, use preg_replace_callback instead ThinkTemplate.class.php 第 406 行.
[ 2014-09-14T22:00:06+08:00 ] / | NOTIC: [8192] preg_replace(): The /e modifier is deprecated, use preg_replace_callback instead ThinkTemplate.class.php 第 406 行.
[ 2014-09-14T22:00:06+08:00 ] / | NOTIC: [8192] preg_replace(): The /e modifier is deprecated, use preg_replace_callback instead ThinkTemplate.class.php 第 406 行.
[ 2014-09-14T22:00:06+08:00 ] / | NOTIC: [8192] preg_replace(): The /e modifier is deprecated, use preg_replace_callback instead ThinkTemplate.class.php 第 406 行.
[ 2014-09-14T22:00:06+08:00 ] / | NOTIC: [8192] preg_replace(): The /e modifier is deprecated, use preg_replace_callback instead ThinkTemplate.class.php 第 406 行.
[ 2014-09-14T22:00:06+08:00 ] / | NOTIC: [8192] preg_replace(): The /e modifier is deprecated, use preg_replace_callback instead ThinkTemplate.class.php 第 406 行.
[ 2014-09-14T22:00:06+08:00 ] / | NOTIC: [8192] preg_replace(): The /e modifier is deprecated, use preg_replace_callback instead ThinkTemplate.class.php 第 406 行.
[ 2014-09-14T22:00:06+08:00 ] / | NOTIC: [8192] preg_replace(): The /e modifier is deprecated, use preg_replace_callback instead ThinkTemplate.class.php 第 406 行.
[ 2014-09-14T22:00:06+08:00 ] / | NOTIC: [8192] preg_replace(): The /e modifier is deprecated, use preg_replace_callback instead ThinkTemplate.class.php 第 406 行.
[ 2014-09-14T22:00:06+08:00 ] / | NOTIC: [8192] preg_replace(): The /e modifier is deprecated, use preg_replace_callback instead ThinkTemplate.class.php 第 406 行.
[ 2014-09-14T22:00:06+08:00 ] / | NOTIC: [8192] preg_replace(): The /e modifier is deprecated, use preg_replace_callback instead ThinkTemplate.class.php 第 406 行.
[ 2014-09-14T22:00:06+08:00 ] / | NOTIC: [8192] preg_replace(): The /e modifier is deprecated, use preg_replace_callback instead ThinkTemplate.class.php 第 406 行.
[ 2014-09-14T22:00:06+08:00 ] / | NOTIC: [8192] preg_replace(): The /e modifier is deprecated, use preg_replace_callback instead ThinkTemplate.class.php 第 406 行.
[ 2014-09-14T22:00:06+08:00 ] / | NOTIC: [8192] preg_replace(): The /e modifier is deprecated, use preg_replace_callback instead ThinkTemplate.class.php 第 406 行.
[ 2014-09-14T22:00:06+08:00 ] / | NOTIC: [8192] preg_replace(): The /e modifier is deprecated, use preg_replace_callback instead ThinkTemplate.class.php 第 406 行.
[ 2014-09-14T22:00:06+08:00 ] / | NOTIC: [8192] preg_replace(): The /e modifier is deprecated, use preg_replace_callback instead ThinkTemplate.class.php 第 406 行.
[ 2014-09-14T22:00:06+08:00 ] / | NOTIC: [8192] preg_replace(): The /e modifier is deprecated, use preg_replace_callback instead ThinkTemplate.class.php 第 406 行.
[ 2014-09-14T22:00:06+08:00 ] / | NOTIC: [8192] preg_replace(): The /e modifier is deprecated, use preg_replace_callback instead ThinkTemplate.class.php 第 406 行.
[ 2014-09-14T22:00:06+08:00 ] / | NOTIC: [8192] preg_replace(): The /e modifier is deprecated, use preg_replace_callback instead ThinkTemplate.class.php 第 406 行.
[ 2014-09-14T22:00:06+08:00 ] / | NOTIC: [8192] preg_replace(): The /e modifier is deprecated, use preg_replace_callback instead ThinkTemplate.class.php 第 406 行.
[ 2014-09-14T22:00:06+08:00 ] / | NOTIC: [8192] preg_replace(): The /e modifier is deprecated, use preg_replace_callback instead ThinkTemplate.class.php 第 406 行.
[ 2014-09-14T22:00:06+08:00 ] / | NOTIC: [8192] preg_replace(): The /e modifier is deprecated, use preg_replace_callback instead ThinkTemplate.class.php 第 406 行.
[ 2014-09-14T22:00:06+08:00 ] / | NOTIC: [8192] preg_replace(): The /e modifier is deprecated, use preg_replace_callback instead ThinkTemplate.class.php 第 406 行.
[ 2014-09-14T22:00:06+08:00 ] / | NOTIC: [8192] preg_replace(): The /e modifier is deprecated, use preg_replace_callback instead ThinkTemplate.class.php 第 406 行.
[ 2014-09-14T22:00:06+08:00 ] / | NOTIC: [8192] preg_replace(): The /e modifier is deprecated, use preg_replace_callback instead ThinkTemplate.class.php 第 406 行.
[ 2014-09-14T22:00:06+08:00 ] / | NOTIC: [8192] preg_replace(): The /e modifier is deprecated, use preg_replace_callback instead ThinkTemplate.class.php 第 406 行.
[ 2014-09-14T22:00:06+08:00 ] / | NOTIC: [8192] preg_replace(): The /e modifier is deprecated, use preg_replace_callback instead ThinkTemplate.class.php 第 406 行.
[ 2014-09-14T22:00:06+08:00 ] / | NOTIC: [8192] preg_replace(): The /e modifier is deprecated, use preg_replace_callback instead ThinkTemplate.class.php 第 406 行.
[ 2014-09-14T22:00:06+08:00 ] / | NOTIC: [8192] preg_replace(): The /e modifier is deprecated, use preg_replace_callback instead ThinkTemplate.class.php 第 406 行.
[ 2014-09-14T22:00:06+08:00 ] / | NOTIC: [8192] preg_replace(): The /e modifier is deprecated, use preg_replace_callback instead ThinkTemplate.class.php 第 406 行.
[ 2014-09-14T22:00:06+08:00 ] / | NOTIC: [8192] preg_replace(): The /e modifier is deprecated, use preg_replace_callback instead ThinkTemplate.class.php 第 406 行.
[ 2014-09-14T22:00:06+08:00 ] / | NOTIC: [8192] preg_replace(): The /e modifier is deprecated, use preg_replace_callback instead ThinkTemplate.class.php 第 406 行.
[ 2014-09-14T22:00:06+08:00 ] / | NOTIC: [8192] preg_replace(): The /e modifier is deprecated, use preg_replace_callback instead ThinkTemplate.class.php 第 406 行.
[ 2014-09-14T22:00:06+08:00 ] / | NOTIC: [8192] preg_replace(): The /e modifier is deprecated, use preg_replace_callback instead ThinkTemplate.class.php 第 406 行.
[ 2014-09-14T22:00:06+08:00 ] / | NOTIC: [8192] preg_replace(): The /e modifier is deprecated, use preg_replace_callback instead ThinkTemplate.class.php 第 406 行.
[ 2014-09-14T22:00:06+08:00 ] / | NOTIC: [8192] preg_replace(): The /e modifier is deprecated, use preg_replace_callback instead ThinkTemplate.class.php 第 406 行.
[ 2014-09-14T22:00:06+08:00 ] / | NOTIC: [8192] preg_replace(): The /e modifier is deprecated, use preg_replace_callback instead ThinkTemplate.class.php 第 406 行.
[ 2014-09-14T22:00:06+08:00 ] / | NOTIC: [8192] preg_replace(): The /e modifier is deprecated, use preg_replace_callback instead ThinkTemplate.class.php 第 406 行.
[ 2014-09-14T22:00:06+08:00 ] / | NOTIC: [8192] preg_replace(): The /e modifier is deprecated, use preg_replace_callback instead ThinkTemplate.class.php 第 406 行.
[ 2014-09-14T22:00:06+08:00 ] / | NOTIC: [8192] preg_replace(): The /e modifier is deprecated, use preg_replace_callback instead ThinkTemplate.class.php 第 406 行.
[ 2014-09-14T22:00:06+08:00 ] / | NOTIC: [8192] preg_replace(): The /e modifier is deprecated, use preg_replace_callback instead ThinkTemplate.class.php 第 406 行.
[ 2014-09-14T22:00:06+08:00 ] / | NOTIC: [8192] preg_replace(): The /e modifier is deprecated, use preg_replace_callback instead ThinkTemplate.class.php 第 406 行.
[ 2014-09-14T22:00:06+08:00 ] / | NOTIC: [8192] preg_replace(): The /e modifier is deprecated, use preg_replace_callback instead ThinkTemplate.class.php 第 406 行.
[ 2014-09-14T22:00:06+08:00 ] / | NOTIC: [8192] preg_replace(): The /e modifier is deprecated, use preg_replace_callback instead ThinkTemplate.class.php 第 406 行.
[ 2014-09-14T22:00:06+08:00 ] / | NOTIC: [8192] preg_replace(): The /e modifier is deprecated, use preg_replace_callback instead ThinkTemplate.class.php 第 406 行.
[ 2014-09-14T22:00:06+08:00 ] / | NOTIC: [8192] preg_replace(): The /e modifier is deprecated, use preg_replace_callback instead ThinkTemplate.class.php 第 406 行.
[ 2014-09-14T22:00:06+08:00 ] / | NOTIC: [8192] preg_replace(): The /e modifier is deprecated, use preg_replace_callback instead ThinkTemplate.class.php 第 406 行.
[ 2014-09-14T22:00:06+08:00 ] / | NOTIC: [8192] preg_replace(): The /e modifier is deprecated, use preg_replace_callback instead ThinkTemplate.class.php 第 406 行.
[ 2014-09-14T22:00:06+08:00 ] / | NOTIC: [8192] preg_replace(): The /e modifier is deprecated, use preg_replace_callback instead ThinkTemplate.class.php 第 406 行.
[ 2014-09-14T22:00:06+08:00 ] / | NOTIC: [8192] preg_replace(): The /e modifier is deprecated, use preg_replace_callback instead ThinkTemplate.class.php 第 406 行.
[ 2014-09-14T22:00:06+08:00 ] / | NOTIC: [8192] preg_replace(): The /e modifier is deprecated, use preg_replace_callback instead ThinkTemplate.class.php 第 406 行.
[ 2014-09-14T22:00:06+08:00 ] / | NOTIC: [8192] preg_replace(): The /e modifier is deprecated, use preg_replace_callback instead ThinkTemplate.class.php 第 406 行.
[ 2014-09-14T22:00:06+08:00 ] / | NOTIC: [8192] preg_replace(): The /e modifier is deprecated, use preg_replace_callback instead ThinkTemplate.class.php 第 406 行.
[ 2014-09-14T22:00:06+08:00 ] / | NOTIC: [8192] preg_replace(): The /e modifier is deprecated, use preg_replace_callback instead ThinkTemplate.class.php 第 406 行.
[ 2014-09-14T22:00:06+08:00 ] / | NOTIC: [8192] preg_replace(): The /e modifier is deprecated, use preg_replace_callback instead ThinkTemplate.class.php 第 406 行.
[ 2014-09-14T22:00:06+08:00 ] / | NOTIC: [8192] preg_replace(): The /e modifier is deprecated, use preg_replace_callback instead ThinkTemplate.class.php 第 406 行.
[ 2014-09-14T22:00:06+08:00 ] / | NOTIC: [8192] preg_replace(): The /e modifier is deprecated, use preg_replace_callback instead ThinkTemplate.class.php 第 406 行.
[ 2014-09-14T22:00:06+08:00 ] / | NOTIC: [8192] preg_replace(): The /e modifier is deprecated, use preg_replace_callback instead ThinkTemplate.class.php 第 406 行.
[ 2014-09-14T22:00:06+08:00 ] / | NOTIC: [8192] preg_replace(): The /e modifier is deprecated, use preg_replace_callback instead ThinkTemplate.class.php 第 406 行.
[ 2014-09-14T22:00:06+08:00 ] / | NOTIC: [8192] preg_replace(): The /e modifier is deprecated, use preg_replace_callback instead ThinkTemplate.class.php 第 406 行.
[ 2014-09-14T22:00:06+08:00 ] / | NOTIC: [8192] preg_replace(): The /e modifier is deprecated, use preg_replace_callback instead ThinkTemplate.class.php 第 406 行.
[ 2014-09-14T22:00:06+08:00 ] / | NOTIC: [8192] preg_replace(): The /e modifier is deprecated, use preg_replace_callback instead ThinkTemplate.class.php 第 406 行.
[ 2014-09-14T22:00:06+08:00 ] / | NOTIC: [8192] preg_replace(): The /e modifier is deprecated, use preg_replace_callback instead ThinkTemplate.class.php 第 406 行.
[ 2014-09-14T22:00:06+08:00 ] / | NOTIC: [8192] preg_replace(): The /e modifier is deprecated, use preg_replace_callback instead ThinkTemplate.class.php 第 402 行.
[ 2014-09-14T22:00:06+08:00 ] / | NOTIC: [8192] preg_replace(): The /e modifier is deprecated, use preg_replace_callback instead ThinkTemplate.class.php 第 402 行.
[ 2014-09-14T22:00:06+08:00 ] / | NOTIC: [8192] preg_replace(): The /e modifier is deprecated, use preg_replace_callback instead ThinkTemplate.class.php 第 402 行.
[ 2014-09-14T22:00:06+08:00 ] / | NOTIC: [8192] preg_replace(): The /e modifier is deprecated, use preg_replace_callback instead ThinkTemplate.class.php 第 402 行.
[ 2014-09-14T22:00:06+08:00 ] / | NOTIC: [8192] preg_replace(): The /e modifier is deprecated, use preg_replace_callback instead ThinkTemplate.class.php 第 402 行.
[ 2014-09-14T22:00:06+08:00 ] / | NOTIC: [8192] preg_replace(): The /e modifier is deprecated, use preg_replace_callback instead ThinkTemplate.class.php 第 402 行.
[ 2014-09-14T22:00:06+08:00 ] / | NOTIC: [8192] preg_replace(): The /e modifier is deprecated, use preg_replace_callback instead ThinkTemplate.class.php 第 406 行.
[ 2014-09-14T22:00:06+08:00 ] / | NOTIC: [8192] preg_replace(): The /e modifier is deprecated, use preg_replace_callback instead ThinkTemplate.class.php 第 406 行.
[ 2014-09-14T22:00:06+08:00 ] / | NOTIC: [8192] preg_replace(): The /e modifier is deprecated, use preg_replace_callback instead ThinkTemplate.class.php 第 406 行.
[ 2014-09-14T22:00:06+08:00 ] / | NOTIC: [8192] preg_replace(): The /e modifier is deprecated, use preg_replace_callback instead ThinkTemplate.class.php 第 220 行.
[ 2014-09-14T22:00:06+08:00 ] / | NOTIC: [8192] preg_replace(): The /e modifier is deprecated, use preg_replace_callback instead ThinkTemplate.class.php 第 154 行.
[ 2014-09-14T22:00:06+08:00 ] / | INFO: Run ParseTemplate Behavior [ RunTime:0.040003s ]
[ 2014-09-14T22:00:06+08:00 ] / | INFO: Tag[ view_parse ] --END-- [ RunTime:0.040003s ]
[ 2014-09-14T22:00:06+08:00 ] / | INFO: Tag[ view_filter ] --START--
[ 2014-09-14T22:00:06+08:00 ] / | INFO: Run ContentReplace Behavior [ RunTime:0.001000s ]
[ 2014-09-14T22:00:06+08:00 ] / | INFO: Run TokenBuild Behavior [ RunTime:0.001000s ]
[ 2014-09-14T22:00:06+08:00 ] / | INFO: Run WriteHtmlCache Behavior [ RunTime:0.000000s ]
[ 2014-09-14T22:00:06+08:00 ] / | INFO: Run ShowRuntime Behavior [ RunTime:0.001000s ]
[ 2014-09-14T22:00:06+08:00 ] / | INFO: Tag[ view_filter ] --END-- [ RunTime:0.004000s ]
[ 2014-09-14T22:00:06+08:00 ] / | INFO: Tag[ view_end ] --START--
[ 2014-09-14T22:00:06+08:00 ] / | INFO: Run ShowPageTrace Behavior [ RunTime:0.001000s ]
[ 2014-09-14T22:00:06+08:00 ] / | INFO: Tag[ view_end ] --END-- [ RunTime:0.001000s ]
